<?xml version="1.0" encoding="UTF-8"?>
<!-- Generated by org.testng.reporters.JUnitReportReporter -->
<testsuite skipped="0" hostname="DESKTOP-QO40LK7" name="com.actitime.tests.ValidLoginLogoutTest" tests="1" failures="0" timestamp="20 Jul 2018 11:44:19 GMT" time="38.860" errors="0">
  <testcase name="testValidLoginLogout" time="38.860" classname="com.actitime.tests.ValidLoginLogoutTest"/>
</testsuite> <!-- com.actitime.tests.ValidLoginLogoutTest -->
