<?xml version="1.0" encoding="UTF-8"?>
<!-- Generated by org.testng.reporters.JUnitReportReporter -->
<testsuite skipped="0" hostname="DESKTOP-QO40LK7" name="com.actitime.tests.InvalidLoginTest" tests="1" failures="0" timestamp="20 Jul 2018 04:43:00 GMT" time="77.600" errors="0">
  <testcase name="testInvalidLogin" time="77.600" classname="com.actitime.tests.InvalidLoginTest"/>
</testsuite> <!-- com.actitime.tests.InvalidLoginTest -->
