<?xml version="1.0" encoding="UTF-8"?>
<!-- Generated by org.testng.reporters.JUnitReportReporter -->
<testsuite skipped="0" hostname="DESKTOP-QO40LK7" name="com.actitime.tests.FlipkartTest" tests="1" failures="0" timestamp="22 Jul 2018 10:48:27 GMT" time="21.470" errors="0">
  <testcase name="testFlipkart" time="21.470" classname="com.actitime.tests.FlipkartTest"/>
</testsuite> <!-- com.actitime.tests.FlipkartTest -->
