<?xml version="1.0" encoding="UTF-8"?>
<!-- Generated by org.testng.reporters.JUnitReportReporter -->
<testsuite skipped="0" hostname="DESKTOP-QO40LK7" name="com.actitime.tests.VerifyVersionTest" tests="1" failures="0" timestamp="19 Jul 2018 12:09:10 GMT" time="31.088" errors="0">
  <testcase name="testVerifyVersion" time="31.088" classname="com.actitime.tests.VerifyVersionTest"/>
</testsuite> <!-- com.actitime.tests.VerifyVersionTest -->
