<?xml version="1.0" encoding="UTF-8"?>
<!-- Generated by org.testng.reporters.JUnitReportReporter -->
<testsuite skipped="0" hostname="DESKTOP-QO40LK7" name="com.actitime.tests.CallStateOnlineTest" tests="1" failures="0" timestamp="22 Jul 2018 07:00:35 GMT" time="52.051" errors="0">
  <testcase name="testDegree" time="52.051" classname="com.actitime.tests.CallStateOnlineTest"/>
</testsuite> <!-- com.actitime.tests.CallStateOnlineTest -->
